<?xml version="1.0" encoding="UTF-8"?>
<!-- Generated by org.testng.reporters.JUnitXMLReporter -->
<testsuite hostname="shreeraam" name="StudentLogin-test" tests="0" failures="0" timestamp="4 Feb 2016 00:43:03 GMT" time="0.615" errors="0">
  <testcase name="@BeforeClass setup" time="0.0" classname="com.diw.test.StudentLoginTest">
    <failure type="java.lang.NullPointerException">
      <![CDATA[java.lang.NullPointerException
	at com.diw.main.DriverManager.setDriver(DriverManager.java:31)
	at com.diw.main.DriverManager.getDriver(DriverManager.java:16)
	at com.diw.main.RootTest.setup(RootTest.java:28)
... Removed 27 stack frames]]>
    </failure>
  </testcase> <!-- @BeforeClass setup -->
  <testcase name="@BeforeClass store" time="0.0" classname="com.diw.test.StudentLoginTest">
    <skipped/>
  </testcase> <!-- @BeforeClass store -->
  <testcase name="@BeforeClass setDriver" time="0.0" classname="com.diw.test.StudentLoginTest">
    <skipped/>
  </testcase> <!-- @BeforeClass setDriver -->
  <testcase name="@AfterTest t1" time="0.0" classname="com.diw.test.StudentLoginTest">
    <skipped/>
  </testcase> <!-- @AfterTest t1 -->
</testsuite> <!-- StudentLogin-test -->
